SIMLOG:: Cycle           4 PC: 00000002 I: 0000a102 R: 1   2 00000002 M: 0 0 00000002 00000000
SIMLOG:: Cycle           5 PC: 00000004 I: 0000b100 R: 1   0 00000002 M: 0 0 00000002 00000000
SIMLOG:: Cycle           6 PC: 00000006 I: 0000a201 R: 1   1 00000001 M: 0 0 00000001 00000002
SIMLOG:: Cycle           7 PC: 00000008 I: 0000b200 R: 1   0 00000001 M: 0 0 00000001 00000000
SIMLOG:: Cycle           8 PC: 0000000a I: 0000a604 R: 1   4 00000004 M: 0 0 00000004 00000000
SIMLOG:: Cycle           9 PC: 0000000c I: 0000b600 R: 1   0 00000004 M: 0 0 00000004 00000000
SIMLOG:: Cycle          10 PC: 0000000e I: 00001112 R: 1   2 00000001 M: 0 0 00000001 00000001
SIMLOG:: Cycle          11 PC: 00000010 I: 0000e500 R: 0   0 00000010 M: 0 0 00000000 00000000
SIMLOG:: Cycle          12 PC: 00000012 I: 0000c202 R: 0   2 00000000 M: 0 0 00000000 00000001
SIMLOG:: Cycle          13 PC: 000000d4 I: 0000de60 R: 0   0 00000004 M: 0 0 00000004 00000000
SIMLOG:: Cycle          14 PC: 00000000 I: 0000xxxx R: 1   x 0000xxxx M: 0 0 0000xxxx 0000xxxx
SIMLOG:: Cycle          15 PC: 00000002 I: 0000a102 R: 1   2 0000xx02 M: 0 0 0000xx02 0000xxxx
SIMLOG:: Cycle          16 PC: 00000004 I: 0000b100 R: 1   0 00000002 M: 0 0 00000002 0000xxxx
SIMLOG:: Cycle          17 PC: 00000006 I: 0000a201 R: 1   1 0000xx01 M: 0 0 0000xx01 00000002
SIMLOG:: Cycle          18 PC: 00000008 I: 0000b200 R: 1   0 00000001 M: 0 0 00000001 0000xxxx
SIMLOG:: Cycle          19 PC: 0000000a I: 0000a604 R: 1   4 0000xx04 M: 0 0 0000xx04 0000xxxx
SIMLOG:: Cycle          20 PC: 0000000c I: 0000b600 R: 1   0 00000004 M: 0 0 00000004 0000xxxx
SIMLOG:: Cycle          21 PC: 0000000e I: 00001112 R: 1   2 00000001 M: 0 0 00000001 00000001
SIMLOG:: Cycle          22 PC: 00000010 I: 0000e500 R: 0   0 00000010 M: 0 0 0000xxxx 0000xxxx
SIMLOG:: Cycle          23 PC: 00000012 I: 0000c202 R: 0   2 0000xxxx M: 0 0 0000xxxx 00000001
SIMLOG:: Cycle          24 PC: 000000d4 I: 0000de60 R: 0   0 00000004 M: 0 0 00000004 0000xxxx
SIMLOG:: Cycle          25 PC: 00000000 I: 0000xxxx R: 1   x 0000xxxx M: 0 0 0000xxxx 0000xxxx
SIMLOG:: Cycle          26 PC: 00000002 I: 0000a102 R: 1   2 0000xx02 M: 0 0 0000xx02 0000xxxx
SIMLOG:: Cycle          27 PC: 00000004 I: 0000b100 R: 1   0 00000002 M: 0 0 00000002 0000xxxx
SIMLOG:: Cycle          28 PC: 00000006 I: 0000a201 R: 1   1 0000xx01 M: 0 0 0000xx01 00000002
SIMLOG:: Cycle          29 PC: 00000008 I: 0000b200 R: 1   0 00000001 M: 0 0 00000001 0000xxxx
SIMLOG:: Cycle          30 PC: 0000000a I: 0000a604 R: 1   4 0000xx04 M: 0 0 0000xx04 0000xxxx
SIMLOG:: Cycle          31 PC: 0000000c I: 0000b600 R: 1   0 00000004 M: 0 0 00000004 0000xxxx
SIMLOG:: Cycle          32 PC: 0000000e I: 00001112 R: 1   2 00000001 M: 0 0 00000001 00000001
SIMLOG:: Cycle          33 PC: 00000010 I: 0000e500 R: 0   0 00000010 M: 0 0 0000xxxx 0000xxxx
SIMLOG:: Cycle          34 PC: 00000012 I: 0000c202 R: 0   2 0000xxxx M: 0 0 0000xxxx 00000001
SIMLOG:: Cycle          35 PC: 000000d4 I: 0000de60 R: 0   0 00000004 M: 0 0 00000004 0000xxxx
SIMLOG:: Cycle          36 PC: 00000000 I: 0000xxxx R: 1   x 0000xxxx M: 0 0 0000xxxx 0000xxxx
SIMLOG:: Cycle          37 PC: 00000002 I: 0000a102 R: 1   2 0000xx02 M: 0 0 0000xx02 0000xxxx
SIMLOG:: Cycle          38 PC: 00000004 I: 0000b100 R: 1   0 00000002 M: 0 0 00000002 0000xxxx
SIMLOG:: Cycle          39 PC: 00000006 I: 0000a201 R: 1   1 0000xx01 M: 0 0 0000xx01 00000002
SIMLOG:: Cycle          40 PC: 00000008 I: 0000b200 R: 1   0 00000001 M: 0 0 00000001 0000xxxx
SIMLOG:: Cycle          41 PC: 0000000a I: 0000a604 R: 1   4 0000xx04 M: 0 0 0000xx04 0000xxxx
SIMLOG:: Cycle          42 PC: 0000000c I: 0000b600 R: 1   0 00000004 M: 0 0 00000004 0000xxxx
SIMLOG:: Cycle          43 PC: 0000000e I: 00001112 R: 1   2 00000001 M: 0 0 00000001 00000001
SIMLOG:: Cycle          44 PC: 00000010 I: 0000e500 R: 0   0 00000010 M: 0 0 0000xxxx 0000xxxx
SIMLOG:: Cycle          45 PC: 00000012 I: 0000c202 R: 0   2 0000xxxx M: 0 0 0000xxxx 00000001
SIMLOG:: Cycle          46 PC: 000000d4 I: 0000de60 R: 0   0 00000004 M: 0 0 00000004 0000xxxx
SIMLOG:: Cycle          47 PC: 00000000 I: 0000xxxx R: 1   x 0000xxxx M: 0 0 0000xxxx 0000xxxx
SIMLOG:: Cycle          48 PC: 00000002 I: 0000a102 R: 1   2 0000xx02 M: 0 0 0000xx02 0000xxxx
SIMLOG:: Cycle          49 PC: 00000004 I: 0000b100 R: 1   0 00000002 M: 0 0 00000002 0000xxxx
SIMLOG:: Cycle          50 PC: 00000006 I: 0000a201 R: 1   1 0000xx01 M: 0 0 0000xx01 00000002
SIMLOG:: Cycle          51 PC: 00000008 I: 0000b200 R: 1   0 00000001 M: 0 0 00000001 0000xxxx
SIMLOG:: Cycle          52 PC: 0000000a I: 0000a604 R: 1   4 0000xx04 M: 0 0 0000xx04 0000xxxx
SIMLOG:: Cycle          53 PC: 0000000c I: 0000b600 R: 1   0 00000004 M: 0 0 00000004 0000xxxx
SIMLOG:: Cycle          54 PC: 0000000e I: 00001112 R: 1   2 00000001 M: 0 0 00000001 00000001
SIMLOG:: Cycle          55 PC: 00000010 I: 0000e500 R: 0   0 00000010 M: 0 0 0000xxxx 0000xxxx
SIMLOG:: Cycle          56 PC: 00000012 I: 0000c202 R: 0   2 0000xxxx M: 0 0 0000xxxx 00000001
SIMLOG:: Cycle          57 PC: 000000d4 I: 0000de60 R: 0   0 00000004 M: 0 0 00000004 0000xxxx
SIMLOG:: Cycle          58 PC: 00000000 I: 0000xxxx R: 1   x 0000xxxx M: 0 0 0000xxxx 0000xxxx
SIMLOG:: Cycle          59 PC: 00000002 I: 0000a102 R: 1   2 0000xx02 M: 0 0 0000xx02 0000xxxx
SIMLOG:: Cycle          60 PC: 00000004 I: 0000b100 R: 1   0 00000002 M: 0 0 00000002 0000xxxx
SIMLOG:: Cycle          61 PC: 00000006 I: 0000a201 R: 1   1 0000xx01 M: 0 0 0000xx01 00000002
SIMLOG:: Cycle          62 PC: 00000008 I: 0000b200 R: 1   0 00000001 M: 0 0 00000001 0000xxxx
SIMLOG:: Cycle          63 PC: 0000000a I: 0000a604 R: 1   4 0000xx04 M: 0 0 0000xx04 0000xxxx
SIMLOG:: Cycle          64 PC: 0000000c I: 0000b600 R: 1   0 00000004 M: 0 0 00000004 0000xxxx
SIMLOG:: Cycle          65 PC: 0000000e I: 00001112 R: 1   2 00000001 M: 0 0 00000001 00000001
SIMLOG:: Cycle          66 PC: 00000010 I: 0000e500 R: 0   0 00000010 M: 0 0 0000xxxx 0000xxxx
SIMLOG:: Cycle          67 PC: 00000012 I: 0000c202 R: 0   2 0000xxxx M: 0 0 0000xxxx 00000001
SIMLOG:: Cycle          68 PC: 000000d4 I: 0000de60 R: 0   0 00000004 M: 0 0 00000004 0000xxxx
SIMLOG:: Cycle          69 PC: 00000000 I: 0000xxxx R: 1   x 0000xxxx M: 0 0 0000xxxx 0000xxxx
SIMLOG:: Cycle          70 PC: 00000002 I: 0000a102 R: 1   2 0000xx02 M: 0 0 0000xx02 0000xxxx
SIMLOG:: Cycle          71 PC: 00000004 I: 0000b100 R: 1   0 00000002 M: 0 0 00000002 0000xxxx
SIMLOG:: Cycle          72 PC: 00000006 I: 0000a201 R: 1   1 0000xx01 M: 0 0 0000xx01 00000002
SIMLOG:: Cycle          73 PC: 00000008 I: 0000b200 R: 1   0 00000001 M: 0 0 00000001 0000xxxx
SIMLOG:: Cycle          74 PC: 0000000a I: 0000a604 R: 1   4 0000xx04 M: 0 0 0000xx04 0000xxxx
SIMLOG:: Cycle          75 PC: 0000000c I: 0000b600 R: 1   0 00000004 M: 0 0 00000004 0000xxxx
SIMLOG:: Cycle          76 PC: 0000000e I: 00001112 R: 1   2 00000001 M: 0 0 00000001 00000001
SIMLOG:: Cycle          77 PC: 00000010 I: 0000e500 R: 0   0 00000010 M: 0 0 0000xxxx 0000xxxx
SIMLOG:: Cycle          78 PC: 00000012 I: 0000c202 R: 0   2 0000xxxx M: 0 0 0000xxxx 00000001
SIMLOG:: Cycle          79 PC: 000000d4 I: 0000de60 R: 0   0 00000004 M: 0 0 00000004 0000xxxx
SIMLOG:: Cycle          80 PC: 00000000 I: 0000xxxx R: 1   x 0000xxxx M: 0 0 0000xxxx 0000xxxx
SIMLOG:: Cycle          81 PC: 00000002 I: 0000a102 R: 1   2 0000xx02 M: 0 0 0000xx02 0000xxxx
SIMLOG:: Cycle          82 PC: 00000004 I: 0000b100 R: 1   0 00000002 M: 0 0 00000002 0000xxxx
SIMLOG:: Cycle          83 PC: 00000006 I: 0000a201 R: 1   1 0000xx01 M: 0 0 0000xx01 00000002
SIMLOG:: Cycle          84 PC: 00000008 I: 0000b200 R: 1   0 00000001 M: 0 0 00000001 0000xxxx
SIMLOG:: Cycle          85 PC: 0000000a I: 0000a604 R: 1   4 0000xx04 M: 0 0 0000xx04 0000xxxx
SIMLOG:: Cycle          86 PC: 0000000c I: 0000b600 R: 1   0 00000004 M: 0 0 00000004 0000xxxx
SIMLOG:: Cycle          87 PC: 0000000e I: 00001112 R: 1   2 00000001 M: 0 0 00000001 00000001
SIMLOG:: Cycle          88 PC: 00000010 I: 0000e500 R: 0   0 00000010 M: 0 0 0000xxxx 0000xxxx
SIMLOG:: Cycle          89 PC: 00000012 I: 0000c202 R: 0   2 0000xxxx M: 0 0 0000xxxx 00000001
SIMLOG:: Cycle          90 PC: 000000d4 I: 0000de60 R: 0   0 00000004 M: 0 0 00000004 0000xxxx
SIMLOG:: Cycle          91 PC: 00000000 I: 0000xxxx R: 1   x 0000xxxx M: 0 0 0000xxxx 0000xxxx
SIMLOG:: Cycle          92 PC: 00000002 I: 0000a102 R: 1   2 0000xx02 M: 0 0 0000xx02 0000xxxx
SIMLOG:: Cycle          93 PC: 00000004 I: 0000b100 R: 1   0 00000002 M: 0 0 00000002 0000xxxx
SIMLOG:: Cycle          94 PC: 00000006 I: 0000a201 R: 1   1 0000xx01 M: 0 0 0000xx01 00000002
SIMLOG:: Cycle          95 PC: 00000008 I: 0000b200 R: 1   0 00000001 M: 0 0 00000001 0000xxxx
SIMLOG:: Cycle          96 PC: 0000000a I: 0000a604 R: 1   4 0000xx04 M: 0 0 0000xx04 0000xxxx
SIMLOG:: Cycle          97 PC: 0000000c I: 0000b600 R: 1   0 00000004 M: 0 0 00000004 0000xxxx
SIMLOG:: Cycle          98 PC: 0000000e I: 00001112 R: 1   2 00000001 M: 0 0 00000001 00000001
SIMLOG:: Cycle          99 PC: 00000010 I: 0000e500 R: 0   0 00000010 M: 0 0 0000xxxx 0000xxxx
SIMLOG:: Cycle         100 PC: 00000012 I: 0000c202 R: 0   2 0000xxxx M: 0 0 0000xxxx 00000001
SIMLOG:: Cycle         101 PC: 000000d4 I: 0000de60 R: 0   0 00000004 M: 0 0 00000004 0000xxxx
SIMLOG:: Cycle         102 PC: 00000000 I: 0000xxxx R: 1   x 0000xxxx M: 0 0 0000xxxx 0000xxxx
SIMLOG:: Cycle         103 PC: 00000002 I: 0000a102 R: 1   2 0000xx02 M: 0 0 0000xx02 0000xxxx
SIMLOG:: Cycle         104 PC: 00000004 I: 0000b100 R: 1   0 00000002 M: 0 0 00000002 0000xxxx
SIMLOG:: Cycle         105 PC: 00000006 I: 0000a201 R: 1   1 0000xx01 M: 0 0 0000xx01 00000002
SIMLOG:: Cycle         106 PC: 00000008 I: 0000b200 R: 1   0 00000001 M: 0 0 00000001 0000xxxx
SIMLOG:: Cycle         107 PC: 0000000a I: 0000a604 R: 1   4 0000xx04 M: 0 0 0000xx04 0000xxxx
SIMLOG:: Cycle         108 PC: 0000000c I: 0000b600 R: 1   0 00000004 M: 0 0 00000004 0000xxxx
SIMLOG:: Cycle         109 PC: 0000000e I: 00001112 R: 1   2 00000001 M: 0 0 00000001 00000001
SIMLOG:: Cycle         110 PC: 00000010 I: 0000e500 R: 0   0 00000010 M: 0 0 0000xxxx 0000xxxx
SIMLOG:: Cycle         111 PC: 00000012 I: 0000c202 R: 0   2 0000xxxx M: 0 0 0000xxxx 00000001
SIMLOG:: Cycle         112 PC: 000000d4 I: 0000de60 R: 0   0 00000004 M: 0 0 00000004 0000xxxx
SIMLOG:: Cycle         113 PC: 00000000 I: 0000xxxx R: 1   x 0000xxxx M: 0 0 0000xxxx 0000xxxx
SIMLOG:: Cycle         114 PC: 00000002 I: 0000a102 R: 1   2 0000xx02 M: 0 0 0000xx02 0000xxxx
SIMLOG:: Cycle         115 PC: 00000004 I: 0000b100 R: 1   0 00000002 M: 0 0 00000002 0000xxxx
SIMLOG:: Cycle         116 PC: 00000006 I: 0000a201 R: 1   1 0000xx01 M: 0 0 0000xx01 00000002
SIMLOG:: Cycle         117 PC: 00000008 I: 0000b200 R: 1   0 00000001 M: 0 0 00000001 0000xxxx
SIMLOG:: Cycle         118 PC: 0000000a I: 0000a604 R: 1   4 0000xx04 M: 0 0 0000xx04 0000xxxx
SIMLOG:: Cycle         119 PC: 0000000c I: 0000b600 R: 1   0 00000004 M: 0 0 00000004 0000xxxx
SIMLOG:: Cycle         120 PC: 0000000e I: 00001112 R: 1   2 00000001 M: 0 0 00000001 00000001
SIMLOG:: Cycle         121 PC: 00000010 I: 0000e500 R: 0   0 00000010 M: 0 0 0000xxxx 0000xxxx
SIMLOG:: Cycle         122 PC: 00000012 I: 0000c202 R: 0   2 0000xxxx M: 0 0 0000xxxx 00000001
SIMLOG:: Cycle         123 PC: 000000d4 I: 0000de60 R: 0   0 00000004 M: 0 0 00000004 0000xxxx
SIMLOG:: Cycle         124 PC: 00000000 I: 0000xxxx R: 1   x 0000xxxx M: 0 0 0000xxxx 0000xxxx
SIMLOG:: Cycle         125 PC: 00000002 I: 0000a102 R: 1   2 0000xx02 M: 0 0 0000xx02 0000xxxx
SIMLOG:: Cycle         126 PC: 00000004 I: 0000b100 R: 1   0 00000002 M: 0 0 00000002 0000xxxx
SIMLOG:: Cycle         127 PC: 00000006 I: 0000a201 R: 1   1 0000xx01 M: 0 0 0000xx01 00000002
SIMLOG:: Cycle         128 PC: 00000008 I: 0000b200 R: 1   0 00000001 M: 0 0 00000001 0000xxxx
SIMLOG:: Cycle         129 PC: 0000000a I: 0000a604 R: 1   4 0000xx04 M: 0 0 0000xx04 0000xxxx
SIMLOG:: Cycle         130 PC: 0000000c I: 0000b600 R: 1   0 00000004 M: 0 0 00000004 0000xxxx
SIMLOG:: Cycle         131 PC: 0000000e I: 00001112 R: 1   2 00000001 M: 0 0 00000001 00000001
SIMLOG:: Cycle         132 PC: 00000010 I: 0000e500 R: 0   0 00000010 M: 0 0 0000xxxx 0000xxxx
SIMLOG:: Cycle         133 PC: 00000012 I: 0000c202 R: 0   2 0000xxxx M: 0 0 0000xxxx 00000001
SIMLOG:: Cycle         134 PC: 000000d4 I: 0000de60 R: 0   0 00000004 M: 0 0 00000004 0000xxxx
SIMLOG:: Cycle         135 PC: 00000000 I: 0000xxxx R: 1   x 0000xxxx M: 0 0 0000xxxx 0000xxxx
SIMLOG:: Cycle         136 PC: 00000002 I: 0000a102 R: 1   2 0000xx02 M: 0 0 0000xx02 0000xxxx
SIMLOG:: Cycle         137 PC: 00000004 I: 0000b100 R: 1   0 00000002 M: 0 0 00000002 0000xxxx
SIMLOG:: Cycle         138 PC: 00000006 I: 0000a201 R: 1   1 0000xx01 M: 0 0 0000xx01 00000002
SIMLOG:: Cycle         139 PC: 00000008 I: 0000b200 R: 1   0 00000001 M: 0 0 00000001 0000xxxx
SIMLOG:: Cycle         140 PC: 0000000a I: 0000a604 R: 1   4 0000xx04 M: 0 0 0000xx04 0000xxxx
SIMLOG:: Cycle         141 PC: 0000000c I: 0000b600 R: 1   0 00000004 M: 0 0 00000004 0000xxxx
SIMLOG:: Cycle         142 PC: 0000000e I: 00001112 R: 1   2 00000001 M: 0 0 00000001 00000001
SIMLOG:: Cycle         143 PC: 00000010 I: 0000e500 R: 0   0 00000010 M: 0 0 0000xxxx 0000xxxx
SIMLOG:: Cycle         144 PC: 00000012 I: 0000c202 R: 0   2 0000xxxx M: 0 0 0000xxxx 00000001
SIMLOG:: Cycle         145 PC: 000000d4 I: 0000de60 R: 0   0 00000004 M: 0 0 00000004 0000xxxx
SIMLOG:: Cycle         146 PC: 00000000 I: 0000xxxx R: 1   x 0000xxxx M: 0 0 0000xxxx 0000xxxx
SIMLOG:: Cycle         147 PC: 00000002 I: 0000a102 R: 1   2 0000xx02 M: 0 0 0000xx02 0000xxxx
SIMLOG:: Cycle         148 PC: 00000004 I: 0000b100 R: 1   0 00000002 M: 0 0 00000002 0000xxxx
SIMLOG:: Cycle         149 PC: 00000006 I: 0000a201 R: 1   1 0000xx01 M: 0 0 0000xx01 00000002
SIMLOG:: Cycle         150 PC: 00000008 I: 0000b200 R: 1   0 00000001 M: 0 0 00000001 0000xxxx
SIMLOG:: Cycle         151 PC: 0000000a I: 0000a604 R: 1   4 0000xx04 M: 0 0 0000xx04 0000xxxx
SIMLOG:: Cycle         152 PC: 0000000c I: 0000b600 R: 1   0 00000004 M: 0 0 00000004 0000xxxx
SIMLOG:: Cycle         153 PC: 0000000e I: 00001112 R: 1   2 00000001 M: 0 0 00000001 00000001
SIMLOG:: Cycle         154 PC: 00000010 I: 0000e500 R: 0   0 00000010 M: 0 0 0000xxxx 0000xxxx
SIMLOG:: Cycle         155 PC: 00000012 I: 0000c202 R: 0   2 0000xxxx M: 0 0 0000xxxx 00000001
SIMLOG:: Cycle         156 PC: 000000d4 I: 0000de60 R: 0   0 00000004 M: 0 0 00000004 0000xxxx
SIMLOG:: Cycle         157 PC: 00000000 I: 0000xxxx R: 1   x 0000xxxx M: 0 0 0000xxxx 0000xxxx
SIMLOG:: Cycle         158 PC: 00000002 I: 0000a102 R: 1   2 0000xx02 M: 0 0 0000xx02 0000xxxx
SIMLOG:: Cycle         159 PC: 00000004 I: 0000b100 R: 1   0 00000002 M: 0 0 00000002 0000xxxx
SIMLOG:: Cycle         160 PC: 00000006 I: 0000a201 R: 1   1 0000xx01 M: 0 0 0000xx01 00000002
SIMLOG:: Cycle         161 PC: 00000008 I: 0000b200 R: 1   0 00000001 M: 0 0 00000001 0000xxxx
SIMLOG:: Cycle         162 PC: 0000000a I: 0000a604 R: 1   4 0000xx04 M: 0 0 0000xx04 0000xxxx
SIMLOG:: Cycle         163 PC: 0000000c I: 0000b600 R: 1   0 00000004 M: 0 0 00000004 0000xxxx
SIMLOG:: Cycle         164 PC: 0000000e I: 00001112 R: 1   2 00000001 M: 0 0 00000001 00000001
SIMLOG:: Cycle         165 PC: 00000010 I: 0000e500 R: 0   0 00000010 M: 0 0 0000xxxx 0000xxxx
SIMLOG:: Cycle         166 PC: 00000012 I: 0000c202 R: 0   2 0000xxxx M: 0 0 0000xxxx 00000001
SIMLOG:: Cycle         167 PC: 000000d4 I: 0000de60 R: 0   0 00000004 M: 0 0 00000004 0000xxxx
SIMLOG:: Cycle         168 PC: 00000000 I: 0000xxxx R: 1   x 0000xxxx M: 0 0 0000xxxx 0000xxxx
SIMLOG:: Cycle         169 PC: 00000002 I: 0000a102 R: 1   2 0000xx02 M: 0 0 0000xx02 0000xxxx
SIMLOG:: Cycle         170 PC: 00000004 I: 0000b100 R: 1   0 00000002 M: 0 0 00000002 0000xxxx
SIMLOG:: Cycle         171 PC: 00000006 I: 0000a201 R: 1   1 0000xx01 M: 0 0 0000xx01 00000002
SIMLOG:: Cycle         172 PC: 00000008 I: 0000b200 R: 1   0 00000001 M: 0 0 00000001 0000xxxx
SIMLOG:: Cycle         173 PC: 0000000a I: 0000a604 R: 1   4 0000xx04 M: 0 0 0000xx04 0000xxxx
SIMLOG:: Cycle         174 PC: 0000000c I: 0000b600 R: 1   0 00000004 M: 0 0 00000004 0000xxxx
SIMLOG:: Cycle         175 PC: 0000000e I: 00001112 R: 1   2 00000001 M: 0 0 00000001 00000001
SIMLOG:: Cycle         176 PC: 00000010 I: 0000e500 R: 0   0 00000010 M: 0 0 0000xxxx 0000xxxx
SIMLOG:: Cycle         177 PC: 00000012 I: 0000c202 R: 0   2 0000xxxx M: 0 0 0000xxxx 00000001
SIMLOG:: Cycle         178 PC: 000000d4 I: 0000de60 R: 0   0 00000004 M: 0 0 00000004 0000xxxx
SIMLOG:: Cycle         179 PC: 00000000 I: 0000xxxx R: 1   x 0000xxxx M: 0 0 0000xxxx 0000xxxx
SIMLOG:: Cycle         180 PC: 00000002 I: 0000a102 R: 1   2 0000xx02 M: 0 0 0000xx02 0000xxxx
SIMLOG:: Cycle         181 PC: 00000004 I: 0000b100 R: 1   0 00000002 M: 0 0 00000002 0000xxxx
SIMLOG:: Cycle         182 PC: 00000006 I: 0000a201 R: 1   1 0000xx01 M: 0 0 0000xx01 00000002
SIMLOG:: Cycle         183 PC: 00000008 I: 0000b200 R: 1   0 00000001 M: 0 0 00000001 0000xxxx
SIMLOG:: Cycle         184 PC: 0000000a I: 0000a604 R: 1   4 0000xx04 M: 0 0 0000xx04 0000xxxx
SIMLOG:: Cycle         185 PC: 0000000c I: 0000b600 R: 1   0 00000004 M: 0 0 00000004 0000xxxx
SIMLOG:: Cycle         186 PC: 0000000e I: 00001112 R: 1   2 00000001 M: 0 0 00000001 00000001
SIMLOG:: Cycle         187 PC: 00000010 I: 0000e500 R: 0   0 00000010 M: 0 0 0000xxxx 0000xxxx
SIMLOG:: Cycle         188 PC: 00000012 I: 0000c202 R: 0   2 0000xxxx M: 0 0 0000xxxx 00000001
SIMLOG:: Cycle         189 PC: 000000d4 I: 0000de60 R: 0   0 00000004 M: 0 0 00000004 0000xxxx
SIMLOG:: Cycle         190 PC: 00000000 I: 0000xxxx R: 1   x 0000xxxx M: 0 0 0000xxxx 0000xxxx
SIMLOG:: Cycle         191 PC: 00000002 I: 0000a102 R: 1   2 0000xx02 M: 0 0 0000xx02 0000xxxx
SIMLOG:: Cycle         192 PC: 00000004 I: 0000b100 R: 1   0 00000002 M: 0 0 00000002 0000xxxx
SIMLOG:: Cycle         193 PC: 00000006 I: 0000a201 R: 1   1 0000xx01 M: 0 0 0000xx01 00000002
SIMLOG:: Cycle         194 PC: 00000008 I: 0000b200 R: 1   0 00000001 M: 0 0 00000001 0000xxxx
SIMLOG:: Cycle         195 PC: 0000000a I: 0000a604 R: 1   4 0000xx04 M: 0 0 0000xx04 0000xxxx
SIMLOG:: Cycle         196 PC: 0000000c I: 0000b600 R: 1   0 00000004 M: 0 0 00000004 0000xxxx
SIMLOG:: Cycle         197 PC: 0000000e I: 00001112 R: 1   2 00000001 M: 0 0 00000001 00000001
SIMLOG:: Cycle         198 PC: 00000010 I: 0000e500 R: 0   0 00000010 M: 0 0 0000xxxx 0000xxxx
SIMLOG:: Cycle         199 PC: 00000012 I: 0000c202 R: 0   2 0000xxxx M: 0 0 0000xxxx 00000001
SIMLOG:: Cycle         200 PC: 000000d4 I: 0000de60 R: 0   0 00000004 M: 0 0 00000004 0000xxxx
SIMLOG:: Cycle         201 PC: 00000000 I: 0000xxxx R: 1   x 0000xxxx M: 0 0 0000xxxx 0000xxxx
SIMLOG:: Cycle         202 PC: 00000002 I: 0000a102 R: 1   2 0000xx02 M: 0 0 0000xx02 0000xxxx
SIMLOG:: Cycle         203 PC: 00000004 I: 0000b100 R: 1   0 00000002 M: 0 0 00000002 0000xxxx
SIMLOG:: Cycle         204 PC: 00000006 I: 0000a201 R: 1   1 0000xx01 M: 0 0 0000xx01 00000002
SIMLOG:: Cycle         205 PC: 00000008 I: 0000b200 R: 1   0 00000001 M: 0 0 00000001 0000xxxx
SIMLOG:: Cycle         206 PC: 0000000a I: 0000a604 R: 1   4 0000xx04 M: 0 0 0000xx04 0000xxxx
SIMLOG:: Cycle         207 PC: 0000000c I: 0000b600 R: 1   0 00000004 M: 0 0 00000004 0000xxxx
SIMLOG:: Cycle         208 PC: 0000000e I: 00001112 R: 1   2 00000001 M: 0 0 00000001 00000001
SIMLOG:: Cycle         209 PC: 00000010 I: 0000e500 R: 0   0 00000010 M: 0 0 0000xxxx 0000xxxx
SIMLOG:: Cycle         210 PC: 00000012 I: 0000c202 R: 0   2 0000xxxx M: 0 0 0000xxxx 00000001
SIMLOG:: Cycle         211 PC: 000000d4 I: 0000de60 R: 0   0 00000004 M: 0 0 00000004 0000xxxx
SIMLOG:: Cycle         212 PC: 00000000 I: 0000xxxx R: 1   x 0000xxxx M: 0 0 0000xxxx 0000xxxx
SIMLOG:: Cycle         213 PC: 00000002 I: 0000a102 R: 1   2 0000xx02 M: 0 0 0000xx02 0000xxxx
SIMLOG:: Cycle         214 PC: 00000004 I: 0000b100 R: 1   0 00000002 M: 0 0 00000002 0000xxxx
SIMLOG:: Cycle         215 PC: 00000006 I: 0000a201 R: 1   1 0000xx01 M: 0 0 0000xx01 00000002
SIMLOG:: Cycle         216 PC: 00000008 I: 0000b200 R: 1   0 00000001 M: 0 0 00000001 0000xxxx
SIMLOG:: Cycle         217 PC: 0000000a I: 0000a604 R: 1   4 0000xx04 M: 0 0 0000xx04 0000xxxx
SIMLOG:: Cycle         218 PC: 0000000c I: 0000b600 R: 1   0 00000004 M: 0 0 00000004 0000xxxx
SIMLOG:: Cycle         219 PC: 0000000e I: 00001112 R: 1   2 00000001 M: 0 0 00000001 00000001
SIMLOG:: Cycle         220 PC: 00000010 I: 0000e500 R: 0   0 00000010 M: 0 0 0000xxxx 0000xxxx
SIMLOG:: Cycle         221 PC: 00000012 I: 0000c202 R: 0   2 0000xxxx M: 0 0 0000xxxx 00000001
SIMLOG:: Cycle         222 PC: 000000d4 I: 0000de60 R: 0   0 00000004 M: 0 0 00000004 0000xxxx
SIMLOG:: Cycle         223 PC: 00000000 I: 0000xxxx R: 1   x 0000xxxx M: 0 0 0000xxxx 0000xxxx
SIMLOG:: Cycle         224 PC: 00000002 I: 0000a102 R: 1   2 0000xx02 M: 0 0 0000xx02 0000xxxx
SIMLOG:: Cycle         225 PC: 00000004 I: 0000b100 R: 1   0 00000002 M: 0 0 00000002 0000xxxx
SIMLOG:: Cycle         226 PC: 00000006 I: 0000a201 R: 1   1 0000xx01 M: 0 0 0000xx01 00000002
SIMLOG:: Cycle         227 PC: 00000008 I: 0000b200 R: 1   0 00000001 M: 0 0 00000001 0000xxxx
SIMLOG:: Cycle         228 PC: 0000000a I: 0000a604 R: 1   4 0000xx04 M: 0 0 0000xx04 0000xxxx
SIMLOG:: Cycle         229 PC: 0000000c I: 0000b600 R: 1   0 00000004 M: 0 0 00000004 0000xxxx
SIMLOG:: Cycle         230 PC: 0000000e I: 00001112 R: 1   2 00000001 M: 0 0 00000001 00000001
SIMLOG:: Cycle         231 PC: 00000010 I: 0000e500 R: 0   0 00000010 M: 0 0 0000xxxx 0000xxxx
SIMLOG:: Cycle         232 PC: 00000012 I: 0000c202 R: 0   2 0000xxxx M: 0 0 0000xxxx 00000001
SIMLOG:: Cycle         233 PC: 000000d4 I: 0000de60 R: 0   0 00000004 M: 0 0 00000004 0000xxxx
SIMLOG:: Cycle         234 PC: 00000000 I: 0000xxxx R: 1   x 0000xxxx M: 0 0 0000xxxx 0000xxxx
SIMLOG:: Cycle         235 PC: 00000002 I: 0000a102 R: 1   2 0000xx02 M: 0 0 0000xx02 0000xxxx
SIMLOG:: Cycle         236 PC: 00000004 I: 0000b100 R: 1   0 00000002 M: 0 0 00000002 0000xxxx
SIMLOG:: Cycle         237 PC: 00000006 I: 0000a201 R: 1   1 0000xx01 M: 0 0 0000xx01 00000002
SIMLOG:: Cycle         238 PC: 00000008 I: 0000b200 R: 1   0 00000001 M: 0 0 00000001 0000xxxx
SIMLOG:: Cycle         239 PC: 0000000a I: 0000a604 R: 1   4 0000xx04 M: 0 0 0000xx04 0000xxxx
SIMLOG:: Cycle         240 PC: 0000000c I: 0000b600 R: 1   0 00000004 M: 0 0 00000004 0000xxxx
SIMLOG:: Cycle         241 PC: 0000000e I: 00001112 R: 1   2 00000001 M: 0 0 00000001 00000001
SIMLOG:: Cycle         242 PC: 00000010 I: 0000e500 R: 0   0 00000010 M: 0 0 0000xxxx 0000xxxx
SIMLOG:: Cycle         243 PC: 00000012 I: 0000c202 R: 0   2 0000xxxx M: 0 0 0000xxxx 00000001
SIMLOG:: Cycle         244 PC: 000000d4 I: 0000de60 R: 0   0 00000004 M: 0 0 00000004 0000xxxx
SIMLOG:: Cycle         245 PC: 00000000 I: 0000xxxx R: 1   x 0000xxxx M: 0 0 0000xxxx 0000xxxx
SIMLOG:: Cycle         246 PC: 00000002 I: 0000a102 R: 1   2 0000xx02 M: 0 0 0000xx02 0000xxxx
SIMLOG:: Cycle         247 PC: 00000004 I: 0000b100 R: 1   0 00000002 M: 0 0 00000002 0000xxxx
SIMLOG:: Cycle         248 PC: 00000006 I: 0000a201 R: 1   1 0000xx01 M: 0 0 0000xx01 00000002
SIMLOG:: Cycle         249 PC: 00000008 I: 0000b200 R: 1   0 00000001 M: 0 0 00000001 0000xxxx
SIMLOG:: Cycle         250 PC: 0000000a I: 0000a604 R: 1   4 0000xx04 M: 0 0 0000xx04 0000xxxx
SIMLOG:: Cycle         251 PC: 0000000c I: 0000b600 R: 1   0 00000004 M: 0 0 00000004 0000xxxx
SIMLOG:: Cycle         252 PC: 0000000e I: 00001112 R: 1   2 00000001 M: 0 0 00000001 00000001
SIMLOG:: Cycle         253 PC: 00000010 I: 0000e500 R: 0   0 00000010 M: 0 0 0000xxxx 0000xxxx
SIMLOG:: Cycle         254 PC: 00000012 I: 0000c202 R: 0   2 0000xxxx M: 0 0 0000xxxx 00000001
SIMLOG:: Cycle         255 PC: 000000d4 I: 0000de60 R: 0   0 00000004 M: 0 0 00000004 0000xxxx
SIMLOG:: Cycle         256 PC: 00000000 I: 0000xxxx R: 1   x 0000xxxx M: 0 0 0000xxxx 0000xxxx
SIMLOG:: Cycle         257 PC: 00000002 I: 0000a102 R: 1   2 0000xx02 M: 0 0 0000xx02 0000xxxx
SIMLOG:: Cycle         258 PC: 00000004 I: 0000b100 R: 1   0 00000002 M: 0 0 00000002 0000xxxx
SIMLOG:: Cycle         259 PC: 00000006 I: 0000a201 R: 1   1 0000xx01 M: 0 0 0000xx01 00000002
SIMLOG:: Cycle         260 PC: 00000008 I: 0000b200 R: 1   0 00000001 M: 0 0 00000001 0000xxxx
SIMLOG:: Cycle         261 PC: 0000000a I: 0000a604 R: 1   4 0000xx04 M: 0 0 0000xx04 0000xxxx
SIMLOG:: Cycle         262 PC: 0000000c I: 0000b600 R: 1   0 00000004 M: 0 0 00000004 0000xxxx
SIMLOG:: Cycle         263 PC: 0000000e I: 00001112 R: 1   2 00000001 M: 0 0 00000001 00000001
SIMLOG:: Cycle         264 PC: 00000010 I: 0000e500 R: 0   0 00000010 M: 0 0 0000xxxx 0000xxxx
SIMLOG:: Cycle         265 PC: 00000012 I: 0000c202 R: 0   2 0000xxxx M: 0 0 0000xxxx 00000001
SIMLOG:: Cycle         266 PC: 000000d4 I: 0000de60 R: 0   0 00000004 M: 0 0 00000004 0000xxxx
SIMLOG:: Cycle         267 PC: 00000000 I: 0000xxxx R: 1   x 0000xxxx M: 0 0 0000xxxx 0000xxxx
SIMLOG:: Cycle         268 PC: 00000002 I: 0000a102 R: 1   2 0000xx02 M: 0 0 0000xx02 0000xxxx
SIMLOG:: Cycle         269 PC: 00000004 I: 0000b100 R: 1   0 00000002 M: 0 0 00000002 0000xxxx
SIMLOG:: Cycle         270 PC: 00000006 I: 0000a201 R: 1   1 0000xx01 M: 0 0 0000xx01 00000002
SIMLOG:: Cycle         271 PC: 00000008 I: 0000b200 R: 1   0 00000001 M: 0 0 00000001 0000xxxx
SIMLOG:: Cycle         272 PC: 0000000a I: 0000a604 R: 1   4 0000xx04 M: 0 0 0000xx04 0000xxxx
SIMLOG:: Cycle         273 PC: 0000000c I: 0000b600 R: 1   0 00000004 M: 0 0 00000004 0000xxxx
SIMLOG:: Cycle         274 PC: 0000000e I: 00001112 R: 1   2 00000001 M: 0 0 00000001 00000001
SIMLOG:: Cycle         275 PC: 00000010 I: 0000e500 R: 0   0 00000010 M: 0 0 0000xxxx 0000xxxx
SIMLOG:: Cycle         276 PC: 00000012 I: 0000c202 R: 0   2 0000xxxx M: 0 0 0000xxxx 00000001
SIMLOG:: Cycle         277 PC: 000000d4 I: 0000de60 R: 0   0 00000004 M: 0 0 00000004 0000xxxx
SIMLOG:: Cycle         278 PC: 00000000 I: 0000xxxx R: 1   x 0000xxxx M: 0 0 0000xxxx 0000xxxx
SIMLOG:: Cycle         279 PC: 00000002 I: 0000a102 R: 1   2 0000xx02 M: 0 0 0000xx02 0000xxxx
SIMLOG:: Cycle         280 PC: 00000004 I: 0000b100 R: 1   0 00000002 M: 0 0 00000002 0000xxxx
SIMLOG:: Cycle         281 PC: 00000006 I: 0000a201 R: 1   1 0000xx01 M: 0 0 0000xx01 00000002
SIMLOG:: Cycle         282 PC: 00000008 I: 0000b200 R: 1   0 00000001 M: 0 0 00000001 0000xxxx
SIMLOG:: Cycle         283 PC: 0000000a I: 0000a604 R: 1   4 0000xx04 M: 0 0 0000xx04 0000xxxx
SIMLOG:: Cycle         284 PC: 0000000c I: 0000b600 R: 1   0 00000004 M: 0 0 00000004 0000xxxx
SIMLOG:: Cycle         285 PC: 0000000e I: 00001112 R: 1   2 00000001 M: 0 0 00000001 00000001
SIMLOG:: Cycle         286 PC: 00000010 I: 0000e500 R: 0   0 00000010 M: 0 0 0000xxxx 0000xxxx
SIMLOG:: Cycle         287 PC: 00000012 I: 0000c202 R: 0   2 0000xxxx M: 0 0 0000xxxx 00000001
SIMLOG:: Cycle         288 PC: 000000d4 I: 0000de60 R: 0   0 00000004 M: 0 0 00000004 0000xxxx
SIMLOG:: Cycle         289 PC: 00000000 I: 0000xxxx R: 1   x 0000xxxx M: 0 0 0000xxxx 0000xxxx
SIMLOG:: Cycle         290 PC: 00000002 I: 0000a102 R: 1   2 0000xx02 M: 0 0 0000xx02 0000xxxx
SIMLOG:: Cycle         291 PC: 00000004 I: 0000b100 R: 1   0 00000002 M: 0 0 00000002 0000xxxx
SIMLOG:: Cycle         292 PC: 00000006 I: 0000a201 R: 1   1 0000xx01 M: 0 0 0000xx01 00000002
SIMLOG:: Cycle         293 PC: 00000008 I: 0000b200 R: 1   0 00000001 M: 0 0 00000001 0000xxxx
SIMLOG:: Cycle         294 PC: 0000000a I: 0000a604 R: 1   4 0000xx04 M: 0 0 0000xx04 0000xxxx
SIMLOG:: Cycle         295 PC: 0000000c I: 0000b600 R: 1   0 00000004 M: 0 0 00000004 0000xxxx
SIMLOG:: Cycle         296 PC: 0000000e I: 00001112 R: 1   2 00000001 M: 0 0 00000001 00000001
SIMLOG:: Cycle         297 PC: 00000010 I: 0000e500 R: 0   0 00000010 M: 0 0 0000xxxx 0000xxxx
SIMLOG:: Cycle         298 PC: 00000012 I: 0000c202 R: 0   2 0000xxxx M: 0 0 0000xxxx 00000001
SIMLOG:: Cycle         299 PC: 000000d4 I: 0000de60 R: 0   0 00000004 M: 0 0 00000004 0000xxxx
SIMLOG:: Cycle         300 PC: 00000000 I: 0000xxxx R: 1   x 0000xxxx M: 0 0 0000xxxx 0000xxxx
SIMLOG:: Cycle         301 PC: 00000002 I: 0000a102 R: 1   2 0000xx02 M: 0 0 0000xx02 0000xxxx
SIMLOG:: Cycle         302 PC: 00000004 I: 0000b100 R: 1   0 00000002 M: 0 0 00000002 0000xxxx
SIMLOG:: Cycle         303 PC: 00000006 I: 0000a201 R: 1   1 0000xx01 M: 0 0 0000xx01 00000002
SIMLOG:: Cycle         304 PC: 00000008 I: 0000b200 R: 1   0 00000001 M: 0 0 00000001 0000xxxx
SIMLOG:: Cycle         305 PC: 0000000a I: 0000a604 R: 1   4 0000xx04 M: 0 0 0000xx04 0000xxxx
SIMLOG:: Cycle         306 PC: 0000000c I: 0000b600 R: 1   0 00000004 M: 0 0 00000004 0000xxxx
SIMLOG:: Cycle         307 PC: 0000000e I: 00001112 R: 1   2 00000001 M: 0 0 00000001 00000001
SIMLOG:: Cycle         308 PC: 00000010 I: 0000e500 R: 0   0 00000010 M: 0 0 0000xxxx 0000xxxx
SIMLOG:: Cycle         309 PC: 00000012 I: 0000c202 R: 0   2 0000xxxx M: 0 0 0000xxxx 00000001
SIMLOG:: Cycle         310 PC: 000000d4 I: 0000de60 R: 0   0 00000004 M: 0 0 00000004 0000xxxx
SIMLOG:: Cycle         311 PC: 00000000 I: 0000xxxx R: 1   x 0000xxxx M: 0 0 0000xxxx 0000xxxx
SIMLOG:: Cycle         312 PC: 00000002 I: 0000a102 R: 1   2 0000xx02 M: 0 0 0000xx02 0000xxxx
SIMLOG:: Cycle         313 PC: 00000004 I: 0000b100 R: 1   0 00000002 M: 0 0 00000002 0000xxxx
SIMLOG:: Cycle         314 PC: 00000006 I: 0000a201 R: 1   1 0000xx01 M: 0 0 0000xx01 00000002
SIMLOG:: Cycle         315 PC: 00000008 I: 0000b200 R: 1   0 00000001 M: 0 0 00000001 0000xxxx
SIMLOG:: Cycle         316 PC: 0000000a I: 0000a604 R: 1   4 0000xx04 M: 0 0 0000xx04 0000xxxx
SIMLOG:: Cycle         317 PC: 0000000c I: 0000b600 R: 1   0 00000004 M: 0 0 00000004 0000xxxx
SIMLOG:: Cycle         318 PC: 0000000e I: 00001112 R: 1   2 00000001 M: 0 0 00000001 00000001
SIMLOG:: Cycle         319 PC: 00000010 I: 0000e500 R: 0   0 00000010 M: 0 0 0000xxxx 0000xxxx
SIMLOG:: Cycle         320 PC: 00000012 I: 0000c202 R: 0   2 0000xxxx M: 0 0 0000xxxx 00000001
SIMLOG:: Cycle         321 PC: 000000d4 I: 0000de60 R: 0   0 00000004 M: 0 0 00000004 0000xxxx
SIMLOG:: Cycle         322 PC: 00000000 I: 0000xxxx R: 1   x 0000xxxx M: 0 0 0000xxxx 0000xxxx
SIMLOG:: Cycle         323 PC: 00000002 I: 0000a102 R: 1   2 0000xx02 M: 0 0 0000xx02 0000xxxx
SIMLOG:: Cycle         324 PC: 00000004 I: 0000b100 R: 1   0 00000002 M: 0 0 00000002 0000xxxx
SIMLOG:: Cycle         325 PC: 00000006 I: 0000a201 R: 1   1 0000xx01 M: 0 0 0000xx01 00000002
SIMLOG:: Cycle         326 PC: 00000008 I: 0000b200 R: 1   0 00000001 M: 0 0 00000001 0000xxxx
SIMLOG:: Cycle         327 PC: 0000000a I: 0000a604 R: 1   4 0000xx04 M: 0 0 0000xx04 0000xxxx
SIMLOG:: Cycle         328 PC: 0000000c I: 0000b600 R: 1   0 00000004 M: 0 0 00000004 0000xxxx
SIMLOG:: Cycle         329 PC: 0000000e I: 00001112 R: 1   2 00000001 M: 0 0 00000001 00000001
SIMLOG:: Cycle         330 PC: 00000010 I: 0000e500 R: 0   0 00000010 M: 0 0 0000xxxx 0000xxxx
SIMLOG:: Cycle         331 PC: 00000012 I: 0000c202 R: 0   2 0000xxxx M: 0 0 0000xxxx 00000001
SIMLOG:: Cycle         332 PC: 000000d4 I: 0000de60 R: 0   0 00000004 M: 0 0 00000004 0000xxxx
SIMLOG:: Cycle         333 PC: 00000000 I: 0000xxxx R: 1   x 0000xxxx M: 0 0 0000xxxx 0000xxxx
SIMLOG:: Cycle         334 PC: 00000002 I: 0000a102 R: 1   2 0000xx02 M: 0 0 0000xx02 0000xxxx
SIMLOG:: Cycle         335 PC: 00000004 I: 0000b100 R: 1   0 00000002 M: 0 0 00000002 0000xxxx
SIMLOG:: Cycle         336 PC: 00000006 I: 0000a201 R: 1   1 0000xx01 M: 0 0 0000xx01 00000002
SIMLOG:: Cycle         337 PC: 00000008 I: 0000b200 R: 1   0 00000001 M: 0 0 00000001 0000xxxx
SIMLOG:: Cycle         338 PC: 0000000a I: 0000a604 R: 1   4 0000xx04 M: 0 0 0000xx04 0000xxxx
SIMLOG:: Cycle         339 PC: 0000000c I: 0000b600 R: 1   0 00000004 M: 0 0 00000004 0000xxxx
SIMLOG:: Cycle         340 PC: 0000000e I: 00001112 R: 1   2 00000001 M: 0 0 00000001 00000001
SIMLOG:: Cycle         341 PC: 00000010 I: 0000e500 R: 0   0 00000010 M: 0 0 0000xxxx 0000xxxx
SIMLOG:: Cycle         342 PC: 00000012 I: 0000c202 R: 0   2 0000xxxx M: 0 0 0000xxxx 00000001
SIMLOG:: Cycle         343 PC: 000000d4 I: 0000de60 R: 0   0 00000004 M: 0 0 00000004 0000xxxx
SIMLOG:: Cycle         344 PC: 00000000 I: 0000xxxx R: 1   x 0000xxxx M: 0 0 0000xxxx 0000xxxx
SIMLOG:: Cycle         345 PC: 00000002 I: 0000a102 R: 1   2 0000xx02 M: 0 0 0000xx02 0000xxxx
SIMLOG:: Cycle         346 PC: 00000004 I: 0000b100 R: 1   0 00000002 M: 0 0 00000002 0000xxxx
SIMLOG:: Cycle         347 PC: 00000006 I: 0000a201 R: 1   1 0000xx01 M: 0 0 0000xx01 00000002
SIMLOG:: Cycle         348 PC: 00000008 I: 0000b200 R: 1   0 00000001 M: 0 0 00000001 0000xxxx
SIMLOG:: Cycle         349 PC: 0000000a I: 0000a604 R: 1   4 0000xx04 M: 0 0 0000xx04 0000xxxx
SIMLOG:: Cycle         350 PC: 0000000c I: 0000b600 R: 1   0 00000004 M: 0 0 00000004 0000xxxx
SIMLOG:: Cycle         351 PC: 0000000e I: 00001112 R: 1   2 00000001 M: 0 0 00000001 00000001
SIMLOG:: Cycle         352 PC: 00000010 I: 0000e500 R: 0   0 00000010 M: 0 0 0000xxxx 0000xxxx
SIMLOG:: Cycle         353 PC: 00000012 I: 0000c202 R: 0   2 0000xxxx M: 0 0 0000xxxx 00000001
SIMLOG:: Cycle         354 PC: 000000d4 I: 0000de60 R: 0   0 00000004 M: 0 0 00000004 0000xxxx
SIMLOG:: Cycle         355 PC: 00000000 I: 0000xxxx R: 1   x 0000xxxx M: 0 0 0000xxxx 0000xxxx
SIMLOG:: Cycle         356 PC: 00000002 I: 0000a102 R: 1   2 0000xx02 M: 0 0 0000xx02 0000xxxx
SIMLOG:: Cycle         357 PC: 00000004 I: 0000b100 R: 1   0 00000002 M: 0 0 00000002 0000xxxx
SIMLOG:: Cycle         358 PC: 00000006 I: 0000a201 R: 1   1 0000xx01 M: 0 0 0000xx01 00000002
SIMLOG:: Cycle         359 PC: 00000008 I: 0000b200 R: 1   0 00000001 M: 0 0 00000001 0000xxxx
SIMLOG:: Cycle         360 PC: 0000000a I: 0000a604 R: 1   4 0000xx04 M: 0 0 0000xx04 0000xxxx
SIMLOG:: Cycle         361 PC: 0000000c I: 0000b600 R: 1   0 00000004 M: 0 0 00000004 0000xxxx
SIMLOG:: Cycle         362 PC: 0000000e I: 00001112 R: 1   2 00000001 M: 0 0 00000001 00000001
SIMLOG:: Cycle         363 PC: 00000010 I: 0000e500 R: 0   0 00000010 M: 0 0 0000xxxx 0000xxxx
SIMLOG:: Cycle         364 PC: 00000012 I: 0000c202 R: 0   2 0000xxxx M: 0 0 0000xxxx 00000001
SIMLOG:: Cycle         365 PC: 000000d4 I: 0000de60 R: 0   0 00000004 M: 0 0 00000004 0000xxxx
SIMLOG:: Cycle         366 PC: 00000000 I: 0000xxxx R: 1   x 0000xxxx M: 0 0 0000xxxx 0000xxxx
SIMLOG:: Cycle         367 PC: 00000002 I: 0000a102 R: 1   2 0000xx02 M: 0 0 0000xx02 0000xxxx
SIMLOG:: Cycle         368 PC: 00000004 I: 0000b100 R: 1   0 00000002 M: 0 0 00000002 0000xxxx
SIMLOG:: Cycle         369 PC: 00000006 I: 0000a201 R: 1   1 0000xx01 M: 0 0 0000xx01 00000002
SIMLOG:: Cycle         370 PC: 00000008 I: 0000b200 R: 1   0 00000001 M: 0 0 00000001 0000xxxx
SIMLOG:: Cycle         371 PC: 0000000a I: 0000a604 R: 1   4 0000xx04 M: 0 0 0000xx04 0000xxxx
SIMLOG:: Cycle         372 PC: 0000000c I: 0000b600 R: 1   0 00000004 M: 0 0 00000004 0000xxxx
SIMLOG:: Cycle         373 PC: 0000000e I: 00001112 R: 1   2 00000001 M: 0 0 00000001 00000001
SIMLOG:: Cycle         374 PC: 00000010 I: 0000e500 R: 0   0 00000010 M: 0 0 0000xxxx 0000xxxx
SIMLOG:: Cycle         375 PC: 00000012 I: 0000c202 R: 0   2 0000xxxx M: 0 0 0000xxxx 00000001
SIMLOG:: Cycle         376 PC: 000000d4 I: 0000de60 R: 0   0 00000004 M: 0 0 00000004 0000xxxx
SIMLOG:: Cycle         377 PC: 00000000 I: 0000xxxx R: 1   x 0000xxxx M: 0 0 0000xxxx 0000xxxx
SIMLOG:: Cycle         378 PC: 00000002 I: 0000a102 R: 1   2 0000xx02 M: 0 0 0000xx02 0000xxxx
SIMLOG:: Cycle         379 PC: 00000004 I: 0000b100 R: 1   0 00000002 M: 0 0 00000002 0000xxxx
SIMLOG:: Cycle         380 PC: 00000006 I: 0000a201 R: 1   1 0000xx01 M: 0 0 0000xx01 00000002
SIMLOG:: Cycle         381 PC: 00000008 I: 0000b200 R: 1   0 00000001 M: 0 0 00000001 0000xxxx
SIMLOG:: Cycle         382 PC: 0000000a I: 0000a604 R: 1   4 0000xx04 M: 0 0 0000xx04 0000xxxx
SIMLOG:: Cycle         383 PC: 0000000c I: 0000b600 R: 1   0 00000004 M: 0 0 00000004 0000xxxx
SIMLOG:: Cycle         384 PC: 0000000e I: 00001112 R: 1   2 00000001 M: 0 0 00000001 00000001
SIMLOG:: Cycle         385 PC: 00000010 I: 0000e500 R: 0   0 00000010 M: 0 0 0000xxxx 0000xxxx
SIMLOG:: Cycle         386 PC: 00000012 I: 0000c202 R: 0   2 0000xxxx M: 0 0 0000xxxx 00000001
SIMLOG:: Cycle         387 PC: 000000d4 I: 0000de60 R: 0   0 00000004 M: 0 0 00000004 0000xxxx
SIMLOG:: Cycle         388 PC: 00000000 I: 0000xxxx R: 1   x 0000xxxx M: 0 0 0000xxxx 0000xxxx
SIMLOG:: Cycle         389 PC: 00000002 I: 0000a102 R: 1   2 0000xx02 M: 0 0 0000xx02 0000xxxx
SIMLOG:: Cycle         390 PC: 00000004 I: 0000b100 R: 1   0 00000002 M: 0 0 00000002 0000xxxx
SIMLOG:: Cycle         391 PC: 00000006 I: 0000a201 R: 1   1 0000xx01 M: 0 0 0000xx01 00000002
SIMLOG:: Cycle         392 PC: 00000008 I: 0000b200 R: 1   0 00000001 M: 0 0 00000001 0000xxxx
SIMLOG:: Cycle         393 PC: 0000000a I: 0000a604 R: 1   4 0000xx04 M: 0 0 0000xx04 0000xxxx
SIMLOG:: Cycle         394 PC: 0000000c I: 0000b600 R: 1   0 00000004 M: 0 0 00000004 0000xxxx
SIMLOG:: Cycle         395 PC: 0000000e I: 00001112 R: 1   2 00000001 M: 0 0 00000001 00000001
SIMLOG:: Cycle         396 PC: 00000010 I: 0000e500 R: 0   0 00000010 M: 0 0 0000xxxx 0000xxxx
SIMLOG:: Cycle         397 PC: 00000012 I: 0000c202 R: 0   2 0000xxxx M: 0 0 0000xxxx 00000001
SIMLOG:: Cycle         398 PC: 000000d4 I: 0000de60 R: 0   0 00000004 M: 0 0 00000004 0000xxxx
SIMLOG:: Cycle         399 PC: 00000000 I: 0000xxxx R: 1   x 0000xxxx M: 0 0 0000xxxx 0000xxxx
SIMLOG:: Cycle         400 PC: 00000002 I: 0000a102 R: 1   2 0000xx02 M: 0 0 0000xx02 0000xxxx
SIMLOG:: Cycle         401 PC: 00000004 I: 0000b100 R: 1   0 00000002 M: 0 0 00000002 0000xxxx
SIMLOG:: Cycle         402 PC: 00000006 I: 0000a201 R: 1   1 0000xx01 M: 0 0 0000xx01 00000002
SIMLOG:: Cycle         403 PC: 00000008 I: 0000b200 R: 1   0 00000001 M: 0 0 00000001 0000xxxx
SIMLOG:: Cycle         404 PC: 0000000a I: 0000a604 R: 1   4 0000xx04 M: 0 0 0000xx04 0000xxxx
SIMLOG:: Cycle         405 PC: 0000000c I: 0000b600 R: 1   0 00000004 M: 0 0 00000004 0000xxxx
SIMLOG:: Cycle         406 PC: 0000000e I: 00001112 R: 1   2 00000001 M: 0 0 00000001 00000001
SIMLOG:: Cycle         407 PC: 00000010 I: 0000e500 R: 0   0 00000010 M: 0 0 0000xxxx 0000xxxx
SIMLOG:: Cycle         408 PC: 00000012 I: 0000c202 R: 0   2 0000xxxx M: 0 0 0000xxxx 00000001
SIMLOG:: Cycle         409 PC: 000000d4 I: 0000de60 R: 0   0 00000004 M: 0 0 00000004 0000xxxx
SIMLOG:: Cycle         410 PC: 00000000 I: 0000xxxx R: 1   x 0000xxxx M: 0 0 0000xxxx 0000xxxx
SIMLOG:: Cycle         411 PC: 00000002 I: 0000a102 R: 1   2 0000xx02 M: 0 0 0000xx02 0000xxxx
SIMLOG:: Cycle         412 PC: 00000004 I: 0000b100 R: 1   0 00000002 M: 0 0 00000002 0000xxxx
SIMLOG:: Cycle         413 PC: 00000006 I: 0000a201 R: 1   1 0000xx01 M: 0 0 0000xx01 00000002
SIMLOG:: Cycle         414 PC: 00000008 I: 0000b200 R: 1   0 00000001 M: 0 0 00000001 0000xxxx
SIMLOG:: Cycle         415 PC: 0000000a I: 0000a604 R: 1   4 0000xx04 M: 0 0 0000xx04 0000xxxx
SIMLOG:: Cycle         416 PC: 0000000c I: 0000b600 R: 1   0 00000004 M: 0 0 00000004 0000xxxx
SIMLOG:: Cycle         417 PC: 0000000e I: 00001112 R: 1   2 00000001 M: 0 0 00000001 00000001
SIMLOG:: Cycle         418 PC: 00000010 I: 0000e500 R: 0   0 00000010 M: 0 0 0000xxxx 0000xxxx
SIMLOG:: Cycle         419 PC: 00000012 I: 0000c202 R: 0   2 0000xxxx M: 0 0 0000xxxx 00000001
SIMLOG:: Cycle         420 PC: 000000d4 I: 0000de60 R: 0   0 00000004 M: 0 0 00000004 0000xxxx
SIMLOG:: Cycle         421 PC: 00000000 I: 0000xxxx R: 1   x 0000xxxx M: 0 0 0000xxxx 0000xxxx
SIMLOG:: Cycle         422 PC: 00000002 I: 0000a102 R: 1   2 0000xx02 M: 0 0 0000xx02 0000xxxx
SIMLOG:: Cycle         423 PC: 00000004 I: 0000b100 R: 1   0 00000002 M: 0 0 00000002 0000xxxx
SIMLOG:: Cycle         424 PC: 00000006 I: 0000a201 R: 1   1 0000xx01 M: 0 0 0000xx01 00000002
SIMLOG:: Cycle         425 PC: 00000008 I: 0000b200 R: 1   0 00000001 M: 0 0 00000001 0000xxxx
SIMLOG:: Cycle         426 PC: 0000000a I: 0000a604 R: 1   4 0000xx04 M: 0 0 0000xx04 0000xxxx
SIMLOG:: Cycle         427 PC: 0000000c I: 0000b600 R: 1   0 00000004 M: 0 0 00000004 0000xxxx
SIMLOG:: Cycle         428 PC: 0000000e I: 00001112 R: 1   2 00000001 M: 0 0 00000001 00000001
SIMLOG:: Cycle         429 PC: 00000010 I: 0000e500 R: 0   0 00000010 M: 0 0 0000xxxx 0000xxxx
SIMLOG:: Cycle         430 PC: 00000012 I: 0000c202 R: 0   2 0000xxxx M: 0 0 0000xxxx 00000001
SIMLOG:: Cycle         431 PC: 000000d4 I: 0000de60 R: 0   0 00000004 M: 0 0 00000004 0000xxxx
SIMLOG:: Cycle         432 PC: 00000000 I: 0000xxxx R: 1   x 0000xxxx M: 0 0 0000xxxx 0000xxxx
SIMLOG:: Cycle         433 PC: 00000002 I: 0000a102 R: 1   2 0000xx02 M: 0 0 0000xx02 0000xxxx
SIMLOG:: Cycle         434 PC: 00000004 I: 0000b100 R: 1   0 00000002 M: 0 0 00000002 0000xxxx
SIMLOG:: Cycle         435 PC: 00000006 I: 0000a201 R: 1   1 0000xx01 M: 0 0 0000xx01 00000002
SIMLOG:: Cycle         436 PC: 00000008 I: 0000b200 R: 1   0 00000001 M: 0 0 00000001 0000xxxx
SIMLOG:: Cycle         437 PC: 0000000a I: 0000a604 R: 1   4 0000xx04 M: 0 0 0000xx04 0000xxxx
SIMLOG:: Cycle         438 PC: 0000000c I: 0000b600 R: 1   0 00000004 M: 0 0 00000004 0000xxxx
SIMLOG:: Cycle         439 PC: 0000000e I: 00001112 R: 1   2 00000001 M: 0 0 00000001 00000001
SIMLOG:: Cycle         440 PC: 00000010 I: 0000e500 R: 0   0 00000010 M: 0 0 0000xxxx 0000xxxx
SIMLOG:: Cycle         441 PC: 00000012 I: 0000c202 R: 0   2 0000xxxx M: 0 0 0000xxxx 00000001
SIMLOG:: Cycle         442 PC: 000000d4 I: 0000de60 R: 0   0 00000004 M: 0 0 00000004 0000xxxx
SIMLOG:: Cycle         443 PC: 00000000 I: 0000xxxx R: 1   x 0000xxxx M: 0 0 0000xxxx 0000xxxx
SIMLOG:: Cycle         444 PC: 00000002 I: 0000a102 R: 1   2 0000xx02 M: 0 0 0000xx02 0000xxxx
SIMLOG:: Cycle         445 PC: 00000004 I: 0000b100 R: 1   0 00000002 M: 0 0 00000002 0000xxxx
SIMLOG:: Cycle         446 PC: 00000006 I: 0000a201 R: 1   1 0000xx01 M: 0 0 0000xx01 00000002
SIMLOG:: Cycle         447 PC: 00000008 I: 0000b200 R: 1   0 00000001 M: 0 0 00000001 0000xxxx
SIMLOG:: Cycle         448 PC: 0000000a I: 0000a604 R: 1   4 0000xx04 M: 0 0 0000xx04 0000xxxx
SIMLOG:: Cycle         449 PC: 0000000c I: 0000b600 R: 1   0 00000004 M: 0 0 00000004 0000xxxx
SIMLOG:: Cycle         450 PC: 0000000e I: 00001112 R: 1   2 00000001 M: 0 0 00000001 00000001
SIMLOG:: Cycle         451 PC: 00000010 I: 0000e500 R: 0   0 00000010 M: 0 0 0000xxxx 0000xxxx
SIMLOG:: Cycle         452 PC: 00000012 I: 0000c202 R: 0   2 0000xxxx M: 0 0 0000xxxx 00000001
SIMLOG:: Cycle         453 PC: 000000d4 I: 0000de60 R: 0   0 00000004 M: 0 0 00000004 0000xxxx
SIMLOG:: Cycle         454 PC: 00000000 I: 0000xxxx R: 1   x 0000xxxx M: 0 0 0000xxxx 0000xxxx
SIMLOG:: Cycle         455 PC: 00000002 I: 0000a102 R: 1   2 0000xx02 M: 0 0 0000xx02 0000xxxx
SIMLOG:: Cycle         456 PC: 00000004 I: 0000b100 R: 1   0 00000002 M: 0 0 00000002 0000xxxx
SIMLOG:: Cycle         457 PC: 00000006 I: 0000a201 R: 1   1 0000xx01 M: 0 0 0000xx01 00000002
SIMLOG:: Cycle         458 PC: 00000008 I: 0000b200 R: 1   0 00000001 M: 0 0 00000001 0000xxxx
SIMLOG:: Cycle         459 PC: 0000000a I: 0000a604 R: 1   4 0000xx04 M: 0 0 0000xx04 0000xxxx
SIMLOG:: Cycle         460 PC: 0000000c I: 0000b600 R: 1   0 00000004 M: 0 0 00000004 0000xxxx
SIMLOG:: Cycle         461 PC: 0000000e I: 00001112 R: 1   2 00000001 M: 0 0 00000001 00000001
SIMLOG:: Cycle         462 PC: 00000010 I: 0000e500 R: 0   0 00000010 M: 0 0 0000xxxx 0000xxxx
SIMLOG:: Cycle         463 PC: 00000012 I: 0000c202 R: 0   2 0000xxxx M: 0 0 0000xxxx 00000001
SIMLOG:: Cycle         464 PC: 000000d4 I: 0000de60 R: 0   0 00000004 M: 0 0 00000004 0000xxxx
SIMLOG:: Cycle         465 PC: 00000000 I: 0000xxxx R: 1   x 0000xxxx M: 0 0 0000xxxx 0000xxxx
SIMLOG:: Cycle         466 PC: 00000002 I: 0000a102 R: 1   2 0000xx02 M: 0 0 0000xx02 0000xxxx
SIMLOG:: Cycle         467 PC: 00000004 I: 0000b100 R: 1   0 00000002 M: 0 0 00000002 0000xxxx
SIMLOG:: Cycle         468 PC: 00000006 I: 0000a201 R: 1   1 0000xx01 M: 0 0 0000xx01 00000002
SIMLOG:: Cycle         469 PC: 00000008 I: 0000b200 R: 1   0 00000001 M: 0 0 00000001 0000xxxx
SIMLOG:: Cycle         470 PC: 0000000a I: 0000a604 R: 1   4 0000xx04 M: 0 0 0000xx04 0000xxxx
SIMLOG:: Cycle         471 PC: 0000000c I: 0000b600 R: 1   0 00000004 M: 0 0 00000004 0000xxxx
SIMLOG:: Cycle         472 PC: 0000000e I: 00001112 R: 1   2 00000001 M: 0 0 00000001 00000001
SIMLOG:: Cycle         473 PC: 00000010 I: 0000e500 R: 0   0 00000010 M: 0 0 0000xxxx 0000xxxx
SIMLOG:: Cycle         474 PC: 00000012 I: 0000c202 R: 0   2 0000xxxx M: 0 0 0000xxxx 00000001
SIMLOG:: Cycle         475 PC: 000000d4 I: 0000de60 R: 0   0 00000004 M: 0 0 00000004 0000xxxx
SIMLOG:: Cycle         476 PC: 00000000 I: 0000xxxx R: 1   x 0000xxxx M: 0 0 0000xxxx 0000xxxx
SIMLOG:: Cycle         477 PC: 00000002 I: 0000a102 R: 1   2 0000xx02 M: 0 0 0000xx02 0000xxxx
SIMLOG:: Cycle         478 PC: 00000004 I: 0000b100 R: 1   0 00000002 M: 0 0 00000002 0000xxxx
SIMLOG:: Cycle         479 PC: 00000006 I: 0000a201 R: 1   1 0000xx01 M: 0 0 0000xx01 00000002
SIMLOG:: Cycle         480 PC: 00000008 I: 0000b200 R: 1   0 00000001 M: 0 0 00000001 0000xxxx
SIMLOG:: Cycle         481 PC: 0000000a I: 0000a604 R: 1   4 0000xx04 M: 0 0 0000xx04 0000xxxx
