INUM:        0 PC: 0x0XXX REG:  1 VALUE: 0x5100
INUM:        1 PC: 0x0000 REG:  x VALUE: 0xxxxx
INUM:        2 PC: 0x0XXX REG:  1 VALUE: 0x51xx
INUM:        3 PC: 0x0000 REG:  x VALUE: 0xxxxx
INUM:        4 PC: 0x0XXX REG:  1 VALUE: 0x51xx
INUM:        5 PC: 0x0000 REG:  x VALUE: 0xxxxx
INUM:        6 PC: 0x0XXX REG:  1 VALUE: 0x51xx
INUM:        7 PC: 0x0000 REG:  x VALUE: 0xxxxx
INUM:        8 PC: 0x0XXX REG:  1 VALUE: 0x51xx
INUM:        9 PC: 0x0000 REG:  x VALUE: 0xxxxx
INUM:       10 PC: 0x0XXX REG:  1 VALUE: 0x51xx
INUM:       11 PC: 0x0000 REG:  x VALUE: 0xxxxx
INUM:       12 PC: 0x0XXX REG:  1 VALUE: 0x51xx
INUM:       13 PC: 0x0000 REG:  x VALUE: 0xxxxx
INUM:       14 PC: 0x0XXX REG:  1 VALUE: 0x51xx
INUM:       15 PC: 0x0000 REG:  x VALUE: 0xxxxx
INUM:       16 PC: 0x0XXX REG:  1 VALUE: 0x51xx
INUM:       17 PC: 0x0000 REG:  x VALUE: 0xxxxx
INUM:       18 PC: 0x0XXX REG:  1 VALUE: 0x51xx
INUM:       19 PC: 0x0000 REG:  x VALUE: 0xxxxx
INUM:       20 PC: 0x0XXX REG:  1 VALUE: 0x51xx
INUM:       21 PC: 0x0000 REG:  x VALUE: 0xxxxx
INUM:       22 PC: 0x0XXX REG:  1 VALUE: 0x51xx
INUM:       23 PC: 0x0000 REG:  x VALUE: 0xxxxx
INUM:       24 PC: 0x0XXX REG:  1 VALUE: 0x51xx
INUM:       25 PC: 0x0000 REG:  x VALUE: 0xxxxx
INUM:       26 PC: 0x0XXX REG:  1 VALUE: 0x51xx
INUM:       27 PC: 0x0000 REG:  x VALUE: 0xxxxx
INUM:       28 PC: 0x0XXX REG:  1 VALUE: 0x51xx
INUM:       29 PC: 0x0000 REG:  x VALUE: 0xxxxx
INUM:       30 PC: 0x0XXX REG:  1 VALUE: 0x51xx
INUM:       31 PC: 0x0000 REG:  x VALUE: 0xxxxx
INUM:       32 PC: 0x0XXX REG:  1 VALUE: 0x51xx
INUM:       33 PC: 0x0000 REG:  x VALUE: 0xxxxx
INUM:       34 PC: 0x0XXX REG:  1 VALUE: 0x51xx
INUM:       35 PC: 0x0000 REG:  x VALUE: 0xxxxx
INUM:       36 PC: 0x0XXX REG:  1 VALUE: 0x51xx
INUM:       37 PC: 0x0000 REG:  x VALUE: 0xxxxx
INUM:       38 PC: 0x0XXX REG:  1 VALUE: 0x51xx
INUM:       39 PC: 0x0000 REG:  x VALUE: 0xxxxx
INUM:       40 PC: 0x0XXX REG:  1 VALUE: 0x51xx
INUM:       41 PC: 0x0000 REG:  x VALUE: 0xxxxx
INUM:       42 PC: 0x0XXX REG:  1 VALUE: 0x51xx
INUM:       43 PC: 0x0000 REG:  x VALUE: 0xxxxx
INUM:       44 PC: 0x0XXX REG:  1 VALUE: 0x51xx
INUM:       45 PC: 0x0000 REG:  x VALUE: 0xxxxx
INUM:       46 PC: 0x0XXX REG:  1 VALUE: 0x51xx
INUM:       47 PC: 0x0000 REG:  x VALUE: 0xxxxx
INUM:       48 PC: 0x0XXX REG:  1 VALUE: 0x51xx
INUM:       49 PC: 0x0000 REG:  x VALUE: 0xxxxx
INUM:       50 PC: 0x0XXX REG:  1 VALUE: 0x51xx
INUM:       51 PC: 0x0000 REG:  x VALUE: 0xxxxx
INUM:       52 PC: 0x0XXX REG:  1 VALUE: 0x51xx
INUM:       53 PC: 0x0000 REG:  x VALUE: 0xxxxx
INUM:       54 PC: 0x0XXX REG:  1 VALUE: 0x51xx
INUM:       55 PC: 0x0000 REG:  x VALUE: 0xxxxx
INUM:       56 PC: 0x0XXX REG:  1 VALUE: 0x51xx
INUM:       57 PC: 0x0000 REG:  x VALUE: 0xxxxx
INUM:       58 PC: 0x0XXX REG:  1 VALUE: 0x51xx
INUM:       59 PC: 0x0000 REG:  x VALUE: 0xxxxx
INUM:       60 PC: 0x0XXX REG:  1 VALUE: 0x51xx
INUM:       61 PC: 0x0000 REG:  x VALUE: 0xxxxx
INUM:       62 PC: 0x0XXX REG:  1 VALUE: 0x51xx
INUM:       63 PC: 0x0000 REG:  x VALUE: 0xxxxx
INUM:       64 PC: 0x0XXX REG:  1 VALUE: 0x51xx
INUM:       65 PC: 0x0000 REG:  x VALUE: 0xxxxx
INUM:       66 PC: 0x0XXX REG:  1 VALUE: 0x51xx
INUM:       67 PC: 0x0000 REG:  x VALUE: 0xxxxx
INUM:       68 PC: 0x0XXX REG:  1 VALUE: 0x51xx
INUM:       69 PC: 0x0000 REG:  x VALUE: 0xxxxx
INUM:       70 PC: 0x0XXX REG:  1 VALUE: 0x51xx
INUM:       71 PC: 0x0000 REG:  x VALUE: 0xxxxx
INUM:       72 PC: 0x0XXX REG:  1 VALUE: 0x51xx
INUM:       73 PC: 0x0000 REG:  x VALUE: 0xxxxx
INUM:       74 PC: 0x0XXX REG:  1 VALUE: 0x51xx
INUM:       75 PC: 0x0000 REG:  x VALUE: 0xxxxx
INUM:       76 PC: 0x0XXX REG:  1 VALUE: 0x51xx
INUM:       77 PC: 0x0000 REG:  x VALUE: 0xxxxx
INUM:       78 PC: 0x0XXX REG:  1 VALUE: 0x51xx
INUM:       79 PC: 0x0000 REG:  x VALUE: 0xxxxx
INUM:       80 PC: 0x0XXX REG:  1 VALUE: 0x51xx
INUM:       81 PC: 0x0000 REG:  x VALUE: 0xxxxx
INUM:       82 PC: 0x0XXX REG:  1 VALUE: 0x51xx
INUM:       83 PC: 0x0000 REG:  x VALUE: 0xxxxx
INUM:       84 PC: 0x0XXX REG:  1 VALUE: 0x51xx
INUM:       85 PC: 0x0000 REG:  x VALUE: 0xxxxx
INUM:       86 PC: 0x0XXX REG:  1 VALUE: 0x51xx
INUM:       87 PC: 0x0000 REG:  x VALUE: 0xxxxx
INUM:       88 PC: 0x0XXX REG:  1 VALUE: 0x51xx
INUM:       89 PC: 0x0000 REG:  x VALUE: 0xxxxx
INUM:       90 PC: 0x0XXX REG:  1 VALUE: 0x51xx
INUM:       91 PC: 0x0000 REG:  x VALUE: 0xxxxx
INUM:       92 PC: 0x0XXX REG:  1 VALUE: 0x51xx
INUM:       93 PC: 0x0000 REG:  x VALUE: 0xxxxx
INUM:       94 PC: 0x0XXX REG:  1 VALUE: 0x51xx
INUM:       95 PC: 0x0000 REG:  x VALUE: 0xxxxx
INUM:       96 PC: 0x0XXX REG:  1 VALUE: 0x51xx
INUM:       97 PC: 0x0000 REG:  x VALUE: 0xxxxx
INUM:       98 PC: 0x0XXX REG:  1 VALUE: 0x51xx
INUM:       99 PC: 0x0000 REG:  x VALUE: 0xxxxx
INUM:      100 PC: 0x0XXX REG:  1 VALUE: 0x51xx
INUM:      101 PC: 0x0000 REG:  x VALUE: 0xxxxx
INUM:      102 PC: 0x0XXX REG:  1 VALUE: 0x51xx
INUM:      103 PC: 0x0000 REG:  x VALUE: 0xxxxx
INUM:      104 PC: 0x0XXX REG:  1 VALUE: 0x51xx
INUM:      105 PC: 0x0000 REG:  x VALUE: 0xxxxx
INUM:      106 PC: 0x0XXX REG:  1 VALUE: 0x51xx
INUM:      107 PC: 0x0000 REG:  x VALUE: 0xxxxx
INUM:      108 PC: 0x0XXX REG:  1 VALUE: 0x51xx
INUM:      109 PC: 0x0000 REG:  x VALUE: 0xxxxx
INUM:      110 PC: 0x0XXX REG:  1 VALUE: 0x51xx
INUM:      111 PC: 0x0000 REG:  x VALUE: 0xxxxx
INUM:      112 PC: 0x0XXX REG:  1 VALUE: 0x51xx
INUM:      113 PC: 0x0000 REG:  x VALUE: 0xxxxx
INUM:      114 PC: 0x0XXX REG:  1 VALUE: 0x51xx
INUM:      115 PC: 0x0000 REG:  x VALUE: 0xxxxx
INUM:      116 PC: 0x0XXX REG:  1 VALUE: 0x51xx
INUM:      117 PC: 0x0000 REG:  x VALUE: 0xxxxx
INUM:      118 PC: 0x0XXX REG:  1 VALUE: 0x51xx
INUM:      119 PC: 0x0000 REG:  x VALUE: 0xxxxx
INUM:      120 PC: 0x0XXX REG:  1 VALUE: 0x51xx
INUM:      121 PC: 0x0000 REG:  x VALUE: 0xxxxx
INUM:      122 PC: 0x0XXX REG:  1 VALUE: 0x51xx
INUM:      123 PC: 0x0000 REG:  x VALUE: 0xxxxx
INUM:      124 PC: 0x0XXX REG:  1 VALUE: 0x51xx
INUM:      125 PC: 0x0000 REG:  x VALUE: 0xxxxx
INUM:      126 PC: 0x0XXX REG:  1 VALUE: 0x51xx
INUM:      127 PC: 0x0000 REG:  x VALUE: 0xxxxx
INUM:      128 PC: 0x0XXX REG:  1 VALUE: 0x51xx
INUM:      129 PC: 0x0000 REG:  x VALUE: 0xxxxx
INUM:      130 PC: 0x0XXX REG:  1 VALUE: 0x51xx
INUM:      131 PC: 0x0000 REG:  x VALUE: 0xxxxx
INUM:      132 PC: 0x0XXX REG:  1 VALUE: 0x51xx
INUM:      133 PC: 0x0000 REG:  x VALUE: 0xxxxx
INUM:      134 PC: 0x0XXX REG:  1 VALUE: 0x51xx
INUM:      135 PC: 0x0000 REG:  x VALUE: 0xxxxx
INUM:      136 PC: 0x0XXX REG:  1 VALUE: 0x51xx
INUM:      137 PC: 0x0000 REG:  x VALUE: 0xxxxx
INUM:      138 PC: 0x0XXX REG:  1 VALUE: 0x51xx
INUM:      139 PC: 0x0000 REG:  x VALUE: 0xxxxx
INUM:      140 PC: 0x0XXX REG:  1 VALUE: 0x51xx
INUM:      141 PC: 0x0000 REG:  x VALUE: 0xxxxx
INUM:      142 PC: 0x0XXX REG:  1 VALUE: 0x51xx
INUM:      143 PC: 0x0000 REG:  x VALUE: 0xxxxx
INUM:      144 PC: 0x0XXX REG:  1 VALUE: 0x51xx
INUM:      145 PC: 0x0000 REG:  x VALUE: 0xxxxx
INUM:      146 PC: 0x0XXX REG:  1 VALUE: 0x51xx
INUM:      147 PC: 0x0000 REG:  x VALUE: 0xxxxx
INUM:      148 PC: 0x0XXX REG:  1 VALUE: 0x51xx
INUM:      149 PC: 0x0000 REG:  x VALUE: 0xxxxx
INUM:      150 PC: 0x0XXX REG:  1 VALUE: 0x51xx
INUM:      151 PC: 0x0000 REG:  x VALUE: 0xxxxx
INUM:      152 PC: 0x0XXX REG:  1 VALUE: 0x51xx
INUM:      153 PC: 0x0000 REG:  x VALUE: 0xxxxx
INUM:      154 PC: 0x0XXX REG:  1 VALUE: 0x51xx
INUM:      155 PC: 0x0000 REG:  x VALUE: 0xxxxx
INUM:      156 PC: 0x0XXX REG:  1 VALUE: 0x51xx
INUM:      157 PC: 0x0000 REG:  x VALUE: 0xxxxx
INUM:      158 PC: 0x0XXX REG:  1 VALUE: 0x51xx
INUM:      159 PC: 0x0000 REG:  x VALUE: 0xxxxx
INUM:      160 PC: 0x0XXX REG:  1 VALUE: 0x51xx
INUM:      161 PC: 0x0000 REG:  x VALUE: 0xxxxx
INUM:      162 PC: 0x0XXX REG:  1 VALUE: 0x51xx
INUM:      163 PC: 0x0000 REG:  x VALUE: 0xxxxx
INUM:      164 PC: 0x0XXX REG:  1 VALUE: 0x51xx
INUM:      165 PC: 0x0000 REG:  x VALUE: 0xxxxx
INUM:      166 PC: 0x0XXX REG:  1 VALUE: 0x51xx
INUM:      167 PC: 0x0000 REG:  x VALUE: 0xxxxx
INUM:      168 PC: 0x0XXX REG:  1 VALUE: 0x51xx
INUM:      169 PC: 0x0000 REG:  x VALUE: 0xxxxx
INUM:      170 PC: 0x0XXX REG:  1 VALUE: 0x51xx
INUM:      171 PC: 0x0000 REG:  x VALUE: 0xxxxx
INUM:      172 PC: 0x0XXX REG:  1 VALUE: 0x51xx
INUM:      173 PC: 0x0000 REG:  x VALUE: 0xxxxx
INUM:      174 PC: 0x0XXX REG:  1 VALUE: 0x51xx
INUM:      175 PC: 0x0000 REG:  x VALUE: 0xxxxx
INUM:      176 PC: 0x0XXX REG:  1 VALUE: 0x51xx
INUM:      177 PC: 0x0000 REG:  x VALUE: 0xxxxx
INUM:      178 PC: 0x0XXX REG:  1 VALUE: 0x51xx
INUM:      179 PC: 0x0000 REG:  x VALUE: 0xxxxx
INUM:      180 PC: 0x0XXX REG:  1 VALUE: 0x51xx
INUM:      181 PC: 0x0000 REG:  x VALUE: 0xxxxx
INUM:      182 PC: 0x0XXX REG:  1 VALUE: 0x51xx
INUM:      183 PC: 0x0000 REG:  x VALUE: 0xxxxx
INUM:      184 PC: 0x0XXX REG:  1 VALUE: 0x51xx
INUM:      185 PC: 0x0000 REG:  x VALUE: 0xxxxx
INUM:      186 PC: 0x0XXX REG:  1 VALUE: 0x51xx
INUM:      187 PC: 0x0000 REG:  x VALUE: 0xxxxx
INUM:      188 PC: 0x0XXX REG:  1 VALUE: 0x51xx
INUM:      189 PC: 0x0000 REG:  x VALUE: 0xxxxx
INUM:      190 PC: 0x0XXX REG:  1 VALUE: 0x51xx
INUM:      191 PC: 0x0000 REG:  x VALUE: 0xxxxx
INUM:      192 PC: 0x0XXX REG:  1 VALUE: 0x51xx
INUM:      193 PC: 0x0000 REG:  x VALUE: 0xxxxx
INUM:      194 PC: 0x0XXX REG:  1 VALUE: 0x51xx
INUM:      195 PC: 0x0000 REG:  x VALUE: 0xxxxx
INUM:      196 PC: 0x0XXX REG:  1 VALUE: 0x51xx
INUM:      197 PC: 0x0000 REG:  x VALUE: 0xxxxx
INUM:      198 PC: 0x0XXX REG:  1 VALUE: 0x51xx
INUM:      199 PC: 0x0000 REG:  x VALUE: 0xxxxx
INUM:      200 PC: 0x0XXX REG:  1 VALUE: 0x51xx
INUM:      201 PC: 0x0000 REG:  x VALUE: 0xxxxx
INUM:      202 PC: 0x0XXX REG:  1 VALUE: 0x51xx
INUM:      203 PC: 0x0000 REG:  x VALUE: 0xxxxx
INUM:      204 PC: 0x0XXX REG:  1 VALUE: 0x51xx
INUM:      205 PC: 0x0000 REG:  x VALUE: 0xxxxx
INUM:      206 PC: 0x0XXX REG:  1 VALUE: 0x51xx
INUM:      207 PC: 0x0000 REG:  x VALUE: 0xxxxx
INUM:      208 PC: 0x0XXX REG:  1 VALUE: 0x51xx
INUM:      209 PC: 0x0000 REG:  x VALUE: 0xxxxx
INUM:      210 PC: 0x0XXX REG:  1 VALUE: 0x51xx
INUM:      211 PC: 0x0000 REG:  x VALUE: 0xxxxx
INUM:      212 PC: 0x0XXX REG:  1 VALUE: 0x51xx
INUM:      213 PC: 0x0000 REG:  x VALUE: 0xxxxx
INUM:      214 PC: 0x0XXX REG:  1 VALUE: 0x51xx
INUM:      215 PC: 0x0000 REG:  x VALUE: 0xxxxx
INUM:      216 PC: 0x0XXX REG:  1 VALUE: 0x51xx
INUM:      217 PC: 0x0000 REG:  x VALUE: 0xxxxx
INUM:      218 PC: 0x0XXX REG:  1 VALUE: 0x51xx
INUM:      219 PC: 0x0000 REG:  x VALUE: 0xxxxx
INUM:      220 PC: 0x0XXX REG:  1 VALUE: 0x51xx
INUM:      221 PC: 0x0000 REG:  x VALUE: 0xxxxx
INUM:      222 PC: 0x0XXX REG:  1 VALUE: 0x51xx
INUM:      223 PC: 0x0000 REG:  x VALUE: 0xxxxx
INUM:      224 PC: 0x0XXX REG:  1 VALUE: 0x51xx
INUM:      225 PC: 0x0000 REG:  x VALUE: 0xxxxx
INUM:      226 PC: 0x0XXX REG:  1 VALUE: 0x51xx
INUM:      227 PC: 0x0000 REG:  x VALUE: 0xxxxx
INUM:      228 PC: 0x0XXX REG:  1 VALUE: 0x51xx
INUM:      229 PC: 0x0000 REG:  x VALUE: 0xxxxx
INUM:      230 PC: 0x0XXX REG:  1 VALUE: 0x51xx
INUM:      231 PC: 0x0000 REG:  x VALUE: 0xxxxx
INUM:      232 PC: 0x0XXX REG:  1 VALUE: 0x51xx
INUM:      233 PC: 0x0000 REG:  x VALUE: 0xxxxx
INUM:      234 PC: 0x0XXX REG:  1 VALUE: 0x51xx
INUM:      235 PC: 0x0000 REG:  x VALUE: 0xxxxx
INUM:      236 PC: 0x0XXX REG:  1 VALUE: 0x51xx
INUM:      237 PC: 0x0000 REG:  x VALUE: 0xxxxx
INUM:      238 PC: 0x0XXX REG:  1 VALUE: 0x51xx
INUM:      239 PC: 0x0000 REG:  x VALUE: 0xxxxx
INUM:      240 PC: 0x0XXX REG:  1 VALUE: 0x51xx
INUM:      241 PC: 0x0000 REG:  x VALUE: 0xxxxx
INUM:      242 PC: 0x0XXX REG:  1 VALUE: 0x51xx
INUM:      243 PC: 0x0000 REG:  x VALUE: 0xxxxx
INUM:      244 PC: 0x0XXX REG:  1 VALUE: 0x51xx
INUM:      245 PC: 0x0000 REG:  x VALUE: 0xxxxx
INUM:      246 PC: 0x0XXX REG:  1 VALUE: 0x51xx
INUM:      247 PC: 0x0000 REG:  x VALUE: 0xxxxx
INUM:      248 PC: 0x0XXX REG:  1 VALUE: 0x51xx
INUM:      249 PC: 0x0000 REG:  x VALUE: 0xxxxx
INUM:      250 PC: 0x0XXX REG:  1 VALUE: 0x51xx
INUM:      251 PC: 0x0000 REG:  x VALUE: 0xxxxx
INUM:      252 PC: 0x0XXX REG:  1 VALUE: 0x51xx
INUM:      253 PC: 0x0000 REG:  x VALUE: 0xxxxx
INUM:      254 PC: 0x0XXX REG:  1 VALUE: 0x51xx
INUM:      255 PC: 0x0000 REG:  x VALUE: 0xxxxx
INUM:      256 PC: 0x0XXX REG:  1 VALUE: 0x51xx
INUM:      257 PC: 0x0000 REG:  x VALUE: 0xxxxx
INUM:      258 PC: 0x0XXX REG:  1 VALUE: 0x51xx
INUM:      259 PC: 0x0000 REG:  x VALUE: 0xxxxx
INUM:      260 PC: 0x0XXX REG:  1 VALUE: 0x51xx
INUM:      261 PC: 0x0000 REG:  x VALUE: 0xxxxx
INUM:      262 PC: 0x0XXX REG:  1 VALUE: 0x51xx
INUM:      263 PC: 0x0000 REG:  x VALUE: 0xxxxx
INUM:      264 PC: 0x0XXX REG:  1 VALUE: 0x51xx
INUM:      265 PC: 0x0000 REG:  x VALUE: 0xxxxx
INUM:      266 PC: 0x0XXX REG:  1 VALUE: 0x51xx
INUM:      267 PC: 0x0000 REG:  x VALUE: 0xxxxx
INUM:      268 PC: 0x0XXX REG:  1 VALUE: 0x51xx
INUM:      269 PC: 0x0000 REG:  x VALUE: 0xxxxx
INUM:      270 PC: 0x0XXX REG:  1 VALUE: 0x51xx
INUM:      271 PC: 0x0000 REG:  x VALUE: 0xxxxx
INUM:      272 PC: 0x0XXX REG:  1 VALUE: 0x51xx
INUM:      273 PC: 0x0000 REG:  x VALUE: 0xxxxx
INUM:      274 PC: 0x0XXX REG:  1 VALUE: 0x51xx
INUM:      275 PC: 0x0000 REG:  x VALUE: 0xxxxx
INUM:      276 PC: 0x0XXX REG:  1 VALUE: 0x51xx
INUM:      277 PC: 0x0000 REG:  x VALUE: 0xxxxx
INUM:      278 PC: 0x0XXX REG:  1 VALUE: 0x51xx
INUM:      279 PC: 0x0000 REG:  x VALUE: 0xxxxx
INUM:      280 PC: 0x0XXX REG:  1 VALUE: 0x51xx
INUM:      281 PC: 0x0000 REG:  x VALUE: 0xxxxx
INUM:      282 PC: 0x0XXX REG:  1 VALUE: 0x51xx
INUM:      283 PC: 0x0000 REG:  x VALUE: 0xxxxx
INUM:      284 PC: 0x0XXX REG:  1 VALUE: 0x51xx
INUM:      285 PC: 0x0000 REG:  x VALUE: 0xxxxx
INUM:      286 PC: 0x0XXX REG:  1 VALUE: 0x51xx
INUM:      287 PC: 0x0000 REG:  x VALUE: 0xxxxx
